#
# There is insufficient memory for the Java Runtime Environment to continue.
# Native memory allocation (malloc) failed to allocate 1048576 bytes for AllocateHeap
# Possible reasons:
#   The system is out of physical RAM or swap space
#   In 32 bit mode, the process size limit was hit
# Possible solutions:
#   Reduce memory load on the system
#   Increase physical memory or swap space
#   Check if swap backing store is full
#   Use 64 bit Java on a 64 bit OS
#   Decrease Java heap size (-Xmx/-Xms)
#   Decrease number of Java threads
#   Decrease Java thread stack sizes (-Xss)
#   Set larger code cache with -XX:ReservedCodeCacheSize=
# This output file may be truncated or incomplete.
#
#  Out of Memory Error (memory/allocation.inline.hpp:61), pid=25156, tid=0x00000000000051b4
#
# JRE version:  (8.0_181-b13) (build )
# Java VM: Java HotSpot(TM) 64-Bit Server VM (25.181-b13 mixed mode windows-amd64 compressed oops)
# Failed to write core dump. Minidumps are not enabled by default on client versions of Windows
#

---------------  T H R E A D  ---------------

Current thread (0x0000000003043000):  JavaThread "Unknown thread" [_thread_in_vm, id=20916, stack(0x0000000002dd0000,0x0000000002ed0000)]

Stack: [0x0000000002dd0000,0x0000000002ed0000]
[error occurred during error reporting (printing stack bounds), id 0xc0000005]

Native frames: (J=compiled Java code, j=interpreted, Vv=VM code, C=native code)


---------------  P R O C E S S  ---------------

Java Threads: ( => current thread )

Other Threads:

=>0x0000000003043000 (exited) JavaThread "Unknown thread" [_thread_in_vm, id=20916, stack(0x0000000002dd0000,0x0000000002ed0000)]

VM state:not at safepoint (normal execution)

VM Mutex/Monitor currently owned by a thread: None

Heap:
 PSYoungGen      total 36864K, used 634K [0x00000000d6c00000, 0x00000000d9500000, 0x0000000100000000)
  eden space 31744K, 2% used [0x00000000d6c00000,0x00000000d6c9eb90,0x00000000d8b00000)
  from space 5120K, 0% used [0x00000000d9000000,0x00000000d9000000,0x00000000d9500000)
  to   space 5120K, 0% used [0x00000000d8b00000,0x00000000d8b00000,0x00000000d9000000)
 ParOldGen       total 84992K, used 0K [0x0000000084400000, 0x0000000089700000, 0x00000000d6c00000)
  object space 84992K, 0% used [0x0000000084400000,0x0000000084400000,0x0000000089700000)
 Metaspace       used 775K, capacity 4480K, committed 4480K, reserved 1056768K
  class space    used 76K, capacity 384K, committed 384K, reserved 1048576K

Card table byte_map: [0x0000000012500000,0x00000000128e0000] byte_map_base: 0x00000000120de000

Marking Bits: (ParMarkBitMap*) 0x00000000643a2d00
 Begin Bits: [0x0000000013380000, 0x0000000015270000)
 End Bits:   [0x0000000015270000, 0x0000000017160000)

Polling page: 0x0000000000d90000

CodeCache: size=245760Kb used=328Kb max_used=328Kb free=245431Kb
 bounds [0x0000000003140000, 0x00000000033b0000, 0x0000000012140000]
 total_blobs=58 nmethods=0 adapters=38
 compilation: enabled

Compilation events (0 events):
No events

GC Heap History (0 events):
No events

Deoptimization events (0 events):
No events

Classes redefined (0 events):
No events

Internal exceptions (0 events):
No events

Events (10 events):
Event: 0.069 loading class java/lang/Short
Event: 0.069 loading class java/lang/Short done
Event: 0.069 loading class java/lang/Integer
Event: 0.070 loading class java/lang/Integer done
Event: 0.070 loading class java/lang/Long
Event: 0.070 loading class java/lang/Long done
Event: 0.071 loading class java/lang/NullPointerException
Event: 0.071 loading class java/lang/NullPointerException done
Event: 0.071 loading class java/lang/ArithmeticException
Event: 0.071 loading class java/lang/ArithmeticException done


Dynamic libraries:
0x00007ff768600000 - 0x00007ff768637000 	E:\Java JDK\bin\java.exe
0x00007ffe55b60000 - 0x00007ffe55d50000 	C:\WINDOWS\SYSTEM32\ntdll.dll
0x00007ffe553a0000 - 0x00007ffe55452000 	C:\WINDOWS\System32\KERNEL32.DLL
0x00007ffe53960000 - 0x00007ffe53c05000 	C:\WINDOWS\System32\KERNELBASE.dll
0x00007ffe543a0000 - 0x00007ffe54443000 	C:\WINDOWS\System32\ADVAPI32.dll
0x00007ffe54300000 - 0x00007ffe5439e000 	C:\WINDOWS\System32\msvcrt.dll
0x00007ffe55840000 - 0x00007ffe558d7000 	C:\WINDOWS\System32\sechost.dll
0x00007ffe54d90000 - 0x00007ffe54eaf000 	C:\WINDOWS\System32\RPCRT4.dll
0x00007ffe54960000 - 0x00007ffe54af4000 	C:\WINDOWS\System32\USER32.dll
0x00007ffe538e0000 - 0x00007ffe53901000 	C:\WINDOWS\System32\win32u.dll
0x00007ffe558e0000 - 0x00007ffe55906000 	C:\WINDOWS\System32\GDI32.dll
0x00007ffe52f10000 - 0x00007ffe530a8000 	C:\WINDOWS\System32\gdi32full.dll
0x00007ffe52e70000 - 0x00007ffe52f0e000 	C:\WINDOWS\System32\msvcp_win.dll
0x00007ffe52be0000 - 0x00007ffe52cda000 	C:\WINDOWS\System32\ucrtbase.dll
0x00007ffe40450000 - 0x00007ffe406d4000 	C:\WINDOWS\WinSxS\amd64_microsoft.windows.common-controls_6595b64144ccf1df_6.0.18362.1443_none_9e7d7b61e45edb4a\COMCTL32.dll
0x00007ffe545a0000 - 0x00007ffe548d6000 	C:\WINDOWS\System32\combase.dll
0x00007ffe53850000 - 0x00007ffe538d1000 	C:\WINDOWS\System32\bcryptPrimitives.dll
0x00007ffe54560000 - 0x00007ffe5458e000 	C:\WINDOWS\System32\IMM32.DLL
0x0000000064430000 - 0x0000000064502000 	E:\Java JDK\jre\bin\msvcr100.dll
0x0000000063b80000 - 0x0000000064422000 	E:\Java JDK\jre\bin\server\jvm.dll
0x00007ffe54590000 - 0x00007ffe54598000 	C:\WINDOWS\System32\PSAPI.DLL
0x00007ffe4f390000 - 0x00007ffe4f3b4000 	C:\WINDOWS\SYSTEM32\WINMM.dll
0x00007ffe3f3e0000 - 0x00007ffe3f3e9000 	C:\WINDOWS\SYSTEM32\WSOCK32.dll
0x00007ffe525e0000 - 0x00007ffe525ea000 	C:\WINDOWS\SYSTEM32\VERSION.dll
0x00007ffe557d0000 - 0x00007ffe5583f000 	C:\WINDOWS\System32\WS2_32.dll
0x00007ffe4f360000 - 0x00007ffe4f38d000 	C:\WINDOWS\SYSTEM32\WINMMBASE.dll
0x00007ffe53910000 - 0x00007ffe5395a000 	C:\WINDOWS\System32\cfgmgr32.dll
0x0000000063b70000 - 0x0000000063b7f000 	E:\Java JDK\jre\bin\verify.dll
0x0000000063b40000 - 0x0000000063b69000 	E:\Java JDK\jre\bin\java.dll
0x0000000063ac0000 - 0x0000000063ae3000 	E:\Java JDK\jre\bin\instrument.dll
0x0000000063b20000 - 0x0000000063b36000 	E:\Java JDK\jre\bin\zip.dll

VM Arguments:
jvm_args: -javaagent:E:\IntelliJ IDEA Community Edition 2020.3.2\lib\idea_rt.jar=63454:E:\IntelliJ IDEA Community Edition 2020.3.2\bin -Dfile.encoding=UTF-8 
java_command: drawarc.DrawArc
java_class_path (initial): E:\Java JDK\jre\lib\charsets.jar;E:\Java JDK\jre\lib\deploy.jar;E:\Java JDK\jre\lib\ext\access-bridge-64.jar;E:\Java JDK\jre\lib\ext\cldrdata.jar;E:\Java JDK\jre\lib\ext\dnsns.jar;E:\Java JDK\jre\lib\ext\jaccess.jar;E:\Java JDK\jre\lib\ext\jfxrt.jar;E:\Java JDK\jre\lib\ext\localedata.jar;E:\Java JDK\jre\lib\ext\nashorn.jar;E:\Java JDK\jre\lib\ext\sunec.jar;E:\Java JDK\jre\lib\ext\sunjce_provider.jar;E:\Java JDK\jre\lib\ext\sunmscapi.jar;E:\Java JDK\jre\lib\ext\sunpkcs11.jar;E:\Java JDK\jre\lib\ext\zipfs.jar;E:\Java JDK\jre\lib\javaws.jar;E:\Java JDK\jre\lib\jce.jar;E:\Java JDK\jre\lib\jfr.jar;E:\Java JDK\jre\lib\jfxswt.jar;E:\Java JDK\jre\lib\jsse.jar;E:\Java JDK\jre\lib\management-agent.jar;E:\Java JDK\jre\lib\plugin.jar;E:\Java JDK\jre\lib\resources.jar;E:\Java JDK\jre\lib\rt.jar;E:\IntelliJ IDEA Community Edition 2020.3.2\lib\idea_rt.jar
Launcher Type: SUN_STANDARD

Environment Variables:
JAVA_HOME=E:\Java JDK
CLASSPATH=E:\Java JDK\lib
PATH=C:\Program Files (x86)\Common Files\Oracle\Java\javapath;E:\app\D\product\11.2.0\client_1\bin;D:\Python\Anaconda3\Scripts;C:\Rtools\bin;D:\Python27\ArcGIS10.2\Scripts;C:\Program Files (x86)\Intel\Intel(R) Management Engine Components\iCLS\;C:\Program Files\Intel\Intel(R) Management Engine Components\iCLS\;C:\WINDOWS\system32;C:\WINDOWS;C:\WINDOWS\System32\Wbem;C:\WINDOWS\System32\WindowsPowerShell\v1.0\;C:\WINDOWS\System32\OpenSSH\;C:\Program Files (x86)\Intel\Intel(R) Management Engine Components\DAL;C:\Program Files\Intel\Intel(R) Management Engine Components\DAL;C:\Program Files (x86)\Intel\Intel(R) Management Engine Components\IPT;C:\Program Files\Intel\Intel(R) Management Engine Components\IPT;C:\Program Files\Microsoft SQL Server\Client SDK\ODBC\110\Tools\Binn\;C:\Program Files (x86)\Microsoft SQL Server\120\Tools\Binn\;C:\Program Files\Microsoft SQL Server\120\Tools\Binn\;C:\Program Files\Microsoft SQL Server\120\DTS\Binn\;C:\Program Files (x86)\Windows Kits\8.1\Windows Performance Toolkit\;C:\Program Files\Microsoft VS Code\bin;E:\Sybase\Shared\PowerBuilder;C:\Program Files\SQL Anywhere 16\bin64;C:\Program Files\SQL Anywhere 16\bin32;E:\Sybase\Shared\PowerBuilder\x64;E:\Sybase\PowerBuilder 12.6;C:\WINDOWS\Microsoft.NET\Framework\v4.0.30319;D:\SPSS\Statistics\25\JRE\bin;E:\PUTTY\;D:\Python\Anaconda3;D:\Python27\ArcGIS10.2;C:\Users\D\AppData\Local\Microsoft\WindowsApps;C:\Users\D\AppData\Local\GitHubDesktop\bin;E:\Java JDK\jre;E:\Java JDK\jre\bin\server;E:\vcruntime140_1;;E:\IntelliJ IDEA Community Edition 2020.3.2\bin;
USERNAME=D
OS=Windows_NT
PROCESSOR_IDENTIFIER=Intel64 Family 6 Model 142 Stepping 10, GenuineIntel



---------------  S Y S T E M  ---------------

OS: Windows 10.0 , 64 bit Build 18362 (10.0.18362.1350)

CPU:total 8 (initial active 8) (4 cores per cpu, 2 threads per core) family 6 model 142 stepping 10, cmov, cx8, fxsr, mmx, sse, sse2, sse3, ssse3, sse4.1, sse4.2, popcnt, avx, avx2, aes, clmul, erms, 3dnowpref, lzcnt, ht, tsc, tscinvbit, bmi1, bmi2, adx

Memory: 4k page, physical 8105848k(1327560k free), swap 18345716k(5300k free)

vm_info: Java HotSpot(TM) 64-Bit Server VM (25.181-b13) for windows-amd64 JRE (1.8.0_181-b13), built on Jul  7 2018 04:01:33 by "java_re" with MS VC++ 10.0 (VS2010)

time: Tue Apr 27 21:59:20 2021
elapsed time: 0 seconds (0d 0h 0m 0s)

